Removed Pin From Net: NetName=VCC Pin=*-1
Removed Pin From Net: NetName=GND Pin=R1-1
Removed Pin From Net: NetName=Left Pin=R1-2
Removed Pin From Net: NetName=GND Pin=R2-1
Removed Pin From Net: NetName=Middle Pin=R2-2
Removed Pin From Net: NetName=GND Pin=R3-1
Removed Pin From Net: NetName=MOSI Pin=R3-2
Removed Pin From Net: NetName=GND Pin=R4-1
Removed Pin From Net: NetName=VCC Pin=S1-3
Removed Pin From Net: NetName=VCC Pin=S1-4
Removed Pin From Net: NetName=VCC Pin=S2-3
Removed Pin From Net: NetName=VCC Pin=S2-4
Removed Pin From Net: NetName=VCC Pin=S3-3
Removed Pin From Net: NetName=VCC Pin=S3-4
Removed Member From Class: ClassName=Sheet1 Member=*
Removed Member From Class: ClassName=Sheet1 Member=R1
Removed Member From Class: ClassName=Sheet1 Member=R2
Removed Member From Class: ClassName=Sheet1 Member=R3
Removed Member From Class: ClassName=Sheet1 Member=R4
Added Pin To Net: NetName=GND Pin=S1-3
Added Pin To Net: NetName=GND Pin=S1-4
Added Pin To Net: NetName=GND Pin=S2-3
Added Pin To Net: NetName=GND Pin=S2-4
Added Pin To Net: NetName=GND Pin=S3-3
Added Pin To Net: NetName=GND Pin=S3-4
