Added Component: Designator=B1(BAT_1060TR)
Add component. Clean all parameters for all variants
Add component (AddParameter): Name = "Availability"; Value = "Good"; VariantName = "[No Variations]"
Add component (AddParameter): Name = "MF"; Value = "Keystone"; VariantName = "[No Variations]"
Add component (AddParameter): Name = "MP"; Value = "1060TR"; VariantName = "[No Variations]"
Add component (AddParameter): Name = "Package"; Value = "None"; VariantName = "[No Variations]"
Add component (AddParameter): Name = "Price"; Value = "1.74 USD"; VariantName = "[No Variations]"
Added Component: Designator=P1(HDR1X4)
Add component. Clean all parameters for all variants
Add component (AddParameter): Name = "LatestRevisionDate"; Value = "17-Jul-2002"; VariantName = "[No Variations]"
Add component (AddParameter): Name = "LatestRevisionNote"; Value = "Re-released for DXP Platform."; VariantName = "[No Variations]"
Add component (AddParameter): Name = "Publisher"; Value = "Altium Limited"; VariantName = "[No Variations]"
Added Component: Designator=R1(0603)
Add component. Clean all parameters for all variants
Add component (AddParameter): Name = "PROD_ID"; Value = "RES-08609"; VariantName = "[No Variations]"
Added Component: Designator=R2(0603)
Add component. Clean all parameters for all variants
Add component (AddParameter): Name = "PROD_ID"; Value = "RES-08609"; VariantName = "[No Variations]"
Added Component: Designator=R3(0603)
Add component. Clean all parameters for all variants
Add component (AddParameter): Name = "PROD_ID"; Value = "RES-08609"; VariantName = "[No Variations]"
Added Component: Designator=S?(DTS-6)
Add component. Clean all parameters for all variants
Added Component: Designator=S?(DTS-6)
Add component. Clean all parameters for all variants
Added Component: Designator=S?(DTS-6)
Add component. Clean all parameters for all variants
Added Component: Designator=U?(ATTINY85)
Add component. Clean all parameters for all variants
Added Pin To Net: NetName=GND Pin=B1--
Added Pin To Net: NetName=GND Pin=P1-2
Added Pin To Net: NetName=GND Pin=R1-1
Added Pin To Net: NetName=GND Pin=R2-1
Added Pin To Net: NetName=GND Pin=R3-1
Added Pin To Net: NetName=GND Pin=U?-4
Added Net: Name=GND
Added Pin To Net: NetName=Left Pin=R1-2
Added Pin To Net: NetName=Left Pin=S?-1
Added Pin To Net: NetName=Left Pin=S?-2
Added Pin To Net: NetName=Left Pin=U?-6
Added Net: Name=Left
Added Pin To Net: NetName=Middle Pin=R2-2
Added Pin To Net: NetName=Middle Pin=S?-1
Added Pin To Net: NetName=Middle Pin=S?-2
Added Pin To Net: NetName=Middle Pin=U?-7
Added Net: Name=Middle
Added Pin To Net: NetName=NetB1_+ Pin=B1-+
Added Net: Name=NetB1_+
Added Pin To Net: NetName=Right Pin=R3-2
Added Pin To Net: NetName=Right Pin=S?-1
Added Pin To Net: NetName=Right Pin=S?-2
Added Pin To Net: NetName=Right Pin=U?-5
Added Net: Name=Right
Added Pin To Net: NetName=SCL Pin=P1-3
Added Pin To Net: NetName=SCL Pin=U?-3
Added Net: Name=SCL
Added Pin To Net: NetName=SDA Pin=P1-4
Added Pin To Net: NetName=SDA Pin=U?-2
Added Net: Name=SDA
Added Pin To Net: NetName=VCC Pin=P1-1
Added Pin To Net: NetName=VCC Pin=S?-3
Added Pin To Net: NetName=VCC Pin=S?-3
Added Pin To Net: NetName=VCC Pin=S?-3
Added Pin To Net: NetName=VCC Pin=S?-4
Added Pin To Net: NetName=VCC Pin=S?-4
Added Pin To Net: NetName=VCC Pin=S?-4
Added Pin To Net: NetName=VCC Pin=U?-8
Added Net: Name=VCC
Added Class: Name=Sheet1
Added Room: Name=Sheet1
