Solid Edge Translation to STL
Date: sábado,fevereiro 03,2018 01:08
Source File:Part1
Output File: F:\Documents\GitHub\Pocket Tetris\Renders\3d\tetris 4.stl
Source System: SOLID EDGE

Hardware:
Processor: Intel(R) Core(TM) i5-4670K CPU @ 3.40GHz
Operating System: Windows 8 Professional
Memory: 7,85 GB

Software Information:
Parasolid Version: 30.0.167
Bodyshop Version: 30.0.81
Solid Edge Version: 110.00.00.107 x64

STL Export Options:
Output File Format:BINARY
Export Displayed Parts:Off
structureOption: Monolithic
Export Units:Inch
Export Tolerance Value:0,050000
Export Tolerance Type:Custom
Export Surface Plane Angle Value:0,523599

Translation progress:
Phase 1 of 2 Fetching Parasolid information...
Phase 2 of 2 Translating Parasolid to foreign data types...
Number of STL file Created : 1
Translation process completed
Time required to translate:00 : 00 : 01
